<?xml version="1.0" encoding="UTF-8"?>
<!-- Generated by org.testng.reporters.JUnitReportReporter -->
<testsuite hostname="DESKTOP-BPUJLE2" failures="0" tests="3" name="automation.testsuite.BTVN2_Day18" time="50.201" errors="0" timestamp="2024-09-18T14:49:23 ICT" skipped="0">
  <testcase classname="automation.testsuite.BTVN2_Day18" name="verifyMessageChatFunction" time="14.171"/>
  <system-out/>
  <testcase classname="automation.testsuite.BTVN2_Day18" name="verifyMessageChatFunction" time="19.919"/>
  <system-out/>
  <testcase classname="automation.testsuite.BTVN2_Day18" name="verifyMessageChatFunction" time="16.111"/>
  <system-out/>
</testsuite> <!-- automation.testsuite.BTVN2_Day18 -->
