<?xml version="1.0" encoding="UTF-8"?>
<!-- Generated by org.testng.reporters.JUnitReportReporter -->
<testsuite hostname="DESKTOP-BPUJLE2" failures="0" tests="1" name="automation.testsuite.LogoutestFactory" time="20.065" errors="0" timestamp="2024-08-27T15:28:08 ICT" skipped="0">
  <testcase classname="automation.testsuite.LogoutestFactory" name="logoutSuccessfully" time="20.065"/>
  <system-out/>
</testsuite> <!-- automation.testsuite.LogoutestFactory -->
