<?xml version="1.0" encoding="UTF-8"?>
<!-- Generated by org.testng.reporters.JUnitReportReporter -->
<testsuite hostname="DESKTOP-BPUJLE2" failures="0" tests="1" name="automation.testsuite.UpdatePwTest_Day15" time="25.352" errors="0" timestamp="2024-08-28T21:14:06 ICT" skipped="0">
  <testcase classname="automation.testsuite.UpdatePwTest_Day15" name="updatePasswordSuccessfully" time="25.352"/>
  <system-out/>
</testsuite> <!-- automation.testsuite.UpdatePwTest_Day15 -->
