<?xml version="1.0" encoding="UTF-8"?>
<!-- Generated by org.testng.reporters.JUnitReportReporter -->
<testsuite hostname="DESKTOP-BPUJLE2" failures="0" tests="1" name="automation.testsuite.LoginTest" time="45.501" errors="0" timestamp="2024-08-18T21:27:16 ICT" skipped="0">
  <testcase classname="automation.testsuite.LoginTest" name="loginFail_leaveBlank" time="45.501"/>
  <system-out/>
</testsuite> <!-- automation.testsuite.LoginTest -->
