<?xml version="1.0" encoding="UTF-8"?>
<!-- Generated by org.testng.reporters.JUnitReportReporter -->
<testsuite hostname="DESKTOP-BPUJLE2" failures="0" tests="1" name="automation.testsuite.Day7_Test" time="0.034" errors="0" timestamp="2024-07-22T21:16:35 ICT" skipped="0">
  <testcase classname="automation.testsuite.Day7_Test" name="TestCase_1" time="0.034"/>
  <system-out/>
</testsuite> <!-- automation.testsuite.Day7_Test -->
