<?xml version="1.0" encoding="UTF-8"?>
<!-- Generated by org.testng.reporters.JUnitReportReporter -->
<testsuite hostname="LAPTOP-P84KTRCR" failures="0" tests="1" name="automation.testsuite.Logintest_codestar" time="5.998" errors="0" timestamp="2024-08-21T19:36:12 WIB" skipped="0">
  <testcase classname="automation.testsuite.Logintest_codestar" name="loginSuccessfully" time="5.998"/>
  <system-out/>
</testsuite> <!-- automation.testsuite.Logintest_codestar -->
