<?xml version="1.0" encoding="UTF-8"?>
<!-- Generated by org.testng.reporters.JUnitReportReporter -->
<testsuite hostname="DESKTOP-BPUJLE2" failures="0" tests="1" name="automation.testsuite.BTVN2_Day16" time="18.895" errors="0" timestamp="2024-09-10T17:32:30 ICT" skipped="0">
  <testcase classname="automation.testsuite.BTVN2_Day16" name="verifyAlertMessage" time="18.895"/>
  <system-out/>
</testsuite> <!-- automation.testsuite.BTVN2_Day16 -->
