<?xml version="1.0" encoding="UTF-8"?>
<!-- Generated by org.testng.reporters.JUnitReportReporter -->
<testsuite hostname="DESKTOP-BPUJLE2" failures="0" tests="1" name="automation.testsuite.BTVN1_Day16" time="68.148" errors="0" timestamp="2024-09-10T17:08:18 ICT" skipped="0">
  <testcase classname="automation.testsuite.BTVN1_Day16" name="changePasswordSuccessfully" time="68.148"/>
  <system-out/>
</testsuite> <!-- automation.testsuite.BTVN1_Day16 -->
