<?xml version="1.0" encoding="UTF-8"?>
<!-- Generated by org.testng.reporters.JUnitReportReporter -->
<testsuite hostname="DESKTOP-BPUJLE2" failures="0" tests="3" name="automation.testsuite.Day16_Alert" time="96.205" errors="0" timestamp="2024-09-04T21:26:42 ICT" skipped="0">
  <testcase classname="automation.testsuite.Day16_Alert" name="verifyAlertMessage" time="6.867"/>
  <system-out/>
  <testcase classname="automation.testsuite.Day16_Alert" name="pressOkOnAlert" time="45.203"/>
  <system-out/>
  <testcase classname="automation.testsuite.Day16_Alert" name="pressCancel" time="44.135"/>
  <system-out/>
</testsuite> <!-- automation.testsuite.Day16_Alert -->
