<?xml version="1.0" encoding="UTF-8"?>
<!-- Generated by org.testng.reporters.JUnitReportReporter -->
<testsuite hostname="DESKTOP-BPUJLE2" failures="0" tests="3" name="automation.testsuite.BTVN1_Day18" time="60.187" errors="0" timestamp="2024-09-18T14:49:23 ICT" skipped="0">
  <testcase classname="automation.testsuite.BTVN1_Day18" name="verifyZaloChatFunction" time="19.420"/>
  <system-out/>
  <testcase classname="automation.testsuite.BTVN1_Day18" name="verifyZaloChatFunction" time="14.915"/>
  <system-out/>
  <testcase classname="automation.testsuite.BTVN1_Day18" name="verifyZaloChatFunction" time="25.852"/>
  <system-out/>
</testsuite> <!-- automation.testsuite.BTVN1_Day18 -->
