<?xml version="1.0" encoding="UTF-8"?>
<!-- Generated by org.testng.reporters.JUnitReportReporter -->
<testsuite hostname="DESKTOP-BPUJLE2" failures="0" tests="4" name="automation.testsuite.Day12_checkbox" time="25.745" errors="0" timestamp="2024-08-11T20:26:21 ICT" skipped="0">
  <testcase classname="automation.testsuite.Day12_checkbox" name="case2_CheckThisCheckboxSuccessfully" time="6.084"/>
  <system-out/>
  <testcase classname="automation.testsuite.Day12_checkbox" name="case1_CheckDefaultValue" time="5.685"/>
  <system-out/>
  <testcase classname="automation.testsuite.Day12_checkbox" name="case1_CheckMultipeCheckboxSuccessfully" time="8.810"/>
  <system-out/>
  <testcase classname="automation.testsuite.Day12_checkbox" name="case2_CheckMultipeCheckboxSuccessfully" time="5.166"/>
  <system-out/>
</testsuite> <!-- automation.testsuite.Day12_checkbox -->
