<?xml version="1.0" encoding="UTF-8"?>
<!-- Generated by org.testng.reporters.JUnitReportReporter -->
<testsuite hostname="LAPTOP-P84KTRCR" failures="0" tests="2" name="automation.testsuite.Logintest_Factory" time="9.820" errors="0" timestamp="2024-08-21T20:23:12 WIB" skipped="0">
  <testcase classname="automation.testsuite.Logintest_Factory" name="loginFail_IncorrectPass" time="3.857"/>
  <system-out/>
  <testcase classname="automation.testsuite.Logintest_Factory" name="loginSuccessfully" time="5.963"/>
  <system-out/>
</testsuite> <!-- automation.testsuite.Logintest_Factory -->
