<?xml version="1.0" encoding="UTF-8"?>
<!-- Generated by org.testng.reporters.JUnitReportReporter -->
<testsuite hostname="DESKTOP-BPUJLE2" failures="0" tests="1" name="automation.testsuite.Day16_Alert" time="5.875" errors="0" timestamp="2024-10-02T11:37:57 ICT" skipped="0">
  <testcase classname="automation.testsuite.Day16_Alert" name="verifyAlertMessage" time="5.875"/>
  <system-out/>
</testsuite> <!-- automation.testsuite.Day16_Alert -->
