<?xml version="1.0" encoding="UTF-8"?>
<!-- Generated by org.testng.reporters.JUnitReportReporter -->
<testsuite hostname="DESKTOP-BPUJLE2" failures="0" tests="1" name="automation.testsuite.Day12_BTVN_dropdownlist" time="16.780" errors="0" timestamp="2024-08-17T17:00:29 ICT" skipped="0">
  <testcase classname="automation.testsuite.Day12_BTVN_dropdownlist" name="Case1_DropdownlistCountry" time="16.780"/>
  <system-out/>
</testsuite> <!-- automation.testsuite.Day12_BTVN_dropdownlist -->
