<?xml version="1.0" encoding="UTF-8"?>
<!-- Generated by org.testng.reporters.JUnitReportReporter -->
<testsuite hostname="DESKTOP-BPUJLE2" failures="0" tests="1" name="automation.testsuite.BTVN1_Day17" time="20.367" errors="0" timestamp="2024-09-15T14:27:54 ICT" skipped="0">
  <testcase classname="automation.testsuite.BTVN1_Day17" name="verifyChatMessageFunction" time="20.367"/>
  <system-out/>
</testsuite> <!-- automation.testsuite.BTVN1_Day17 -->
