<?xml version="1.0" encoding="UTF-8"?>
<!-- Generated by org.testng.reporters.JUnitReportReporter -->
<testsuite hostname="DESKTOP-BPUJLE2" failures="0" tests="1" name="automation.testsuite.Day17_WindowsPopup" time="10.391" errors="0" timestamp="2024-09-18T13:52:31 ICT" skipped="0">
  <testcase classname="automation.testsuite.Day17_WindowsPopup" name="handleWindow" time="10.391"/>
  <system-out/>
</testsuite> <!-- automation.testsuite.Day17_WindowsPopup -->
