<?xml version="1.0" encoding="UTF-8"?>
<!-- Generated by org.testng.reporters.JUnitReportReporter -->
<testsuite hostname="DESKTOP-BPUJLE2" failures="0" tests="2" name="automation.testsuite.BTVN_Day17" time="40.891" errors="0" timestamp="2024-09-15T15:22:09 ICT" skipped="0">
  <testcase classname="automation.testsuite.BTVN_Day17" name="verifyChatMessageFunction" time="21.501"/>
  <system-out/>
  <testcase classname="automation.testsuite.BTVN_Day17" name="verifyIframeZalo" time="19.390"/>
  <system-out/>
</testsuite> <!-- automation.testsuite.BTVN_Day17 -->
