<?xml version="1.0" encoding="UTF-8"?>
<!-- Generated by org.testng.reporters.JUnitReportReporter -->
<testsuite hostname="DESKTOP-BPUJLE2" failures="0" tests="1" name="automation.testsuite.BAT_NewsTest" time="23.254" errors="0" timestamp="2024-09-25T19:07:24 ICT" skipped="0">
  <testcase classname="automation.testsuite.BAT_NewsTest" name="verifyPreviousPage" time="23.254"/>
  <system-out/>
</testsuite> <!-- automation.testsuite.BAT_NewsTest -->
