<?xml version="1.0" encoding="UTF-8"?>
<!-- Generated by org.testng.reporters.JUnitReportReporter -->
<testsuite hostname="DESKTOP-BPUJLE2" failures="0" tests="1" name="automation.testsuite.BAT_SupportPageTest" time="13.448" errors="0" timestamp="2024-09-22T23:43:09 ICT" skipped="0">
  <testcase classname="automation.testsuite.BAT_SupportPageTest" name="verifyNavigateChinhSachBaoDuongLapDatPage" time="13.448"/>
  <system-out/>
</testsuite> <!-- automation.testsuite.BAT_SupportPageTest -->
