<?xml version="1.0" encoding="UTF-8"?>
<!-- Generated by org.testng.reporters.JUnitReportReporter -->
<testsuite hostname="DESKTOP-BPUJLE2" failures="0" tests="1" name="automation.testsuite.Day12_BTVN_dropdownlist" time="11.889" errors="0" timestamp="2024-08-17T18:36:44 ICT" skipped="0">
  <testcase classname="automation.testsuite.Day12_BTVN_dropdownlist" name="case2_fillSearchField" time="11.889"/>
  <system-out/>
</testsuite> <!-- automation.testsuite.Day12_BTVN_dropdownlist -->
