<?xml version="1.0" encoding="UTF-8"?>
<!-- Generated by org.testng.reporters.JUnitReportReporter -->
<testsuite hostname="DESKTOP-BPUJLE2" failures="0" tests="4" name="automation.testsuite.BAT_SearchTest" time="66.579" errors="0" timestamp="2024-09-24T21:46:55 ICT" skipped="0">
  <testcase classname="automation.testsuite.BAT_SearchTest" name="verifySearchWithValidKeyword" time="17.757"/>
  <system-out/>
  <testcase classname="automation.testsuite.BAT_SearchTest" name="verifySearchWithOnlySpace" time="15.184"/>
  <system-out/>
  <testcase classname="automation.testsuite.BAT_SearchTest" name="verifySearchWithEmptyKeyword" time="17.971"/>
  <system-out/>
  <testcase classname="automation.testsuite.BAT_SearchTest" name="verifySearchWithInValidKeyword" time="15.667"/>
  <system-out/>
</testsuite> <!-- automation.testsuite.BAT_SearchTest -->
