<?xml version="1.0" encoding="UTF-8"?>
<!-- Generated by org.testng.reporters.JUnitReportReporter -->
<testsuite hostname="LAPTOP-P84KTRCR" failures="0" tests="1" name="automation.testsuite.LogoutestFactory" time="8.819" errors="0" timestamp="2024-08-21T21:51:58 WIB" skipped="0">
  <testcase classname="automation.testsuite.LogoutestFactory" name="logoutSuccessfully" time="8.819"/>
  <system-out/>
</testsuite> <!-- automation.testsuite.LogoutestFactory -->
