<?xml version="1.0" encoding="UTF-8"?>
<!-- Generated by org.testng.reporters.JUnitReportReporter -->
<testsuite hostname="DESKTOP-BPUJLE2" failures="0" tests="1" name="automation.testsuite.Day16_Alert" time="9.610" errors="0" timestamp="2024-09-20T15:37:56 ICT" skipped="0">
  <testcase classname="automation.testsuite.Day16_Alert" name="verifyAlertMessage" time="9.610"/>
  <system-out/>
</testsuite> <!-- automation.testsuite.Day16_Alert -->
