<?xml version="1.0" encoding="UTF-8"?>
<!-- Generated by org.testng.reporters.JUnitReportReporter -->
<testsuite hostname="DESKTOP-BPUJLE2" failures="0" tests="1" name="automation.testsuite.BTVN3_Day16" time="8.520" errors="0" timestamp="2024-09-10T17:44:16 ICT" skipped="0">
  <testcase classname="automation.testsuite.BTVN3_Day16" name="verifyAlertAccepted" time="8.520"/>
  <system-out/>
</testsuite> <!-- automation.testsuite.BTVN3_Day16 -->
