<?xml version="1.0" encoding="UTF-8"?>
<!-- Generated by org.testng.reporters.JUnitReportReporter -->
<testsuite hostname="DESKTOP-BPUJLE2" failures="0" tests="1" name="automation.testsuite.Day8_Practice2" time="20.900" errors="0" timestamp="2024-08-04T15:05:45 ICT" skipped="0">
  <testcase classname="automation.testsuite.Day8_Practice2" name="findElementBy" time="20.900"/>
  <system-out/>
</testsuite> <!-- automation.testsuite.Day8_Practice2 -->
