<?xml version="1.0" encoding="UTF-8"?>
<!-- Generated by org.testng.reporters.JUnitReportReporter -->
<testsuite hostname="DESKTOP-BPUJLE2" failures="0" tests="1" name="automation.testsuite.Day8_Practice" time="25.071" errors="0" timestamp="2024-08-04T15:06:39 ICT" skipped="0">
  <testcase classname="automation.testsuite.Day8_Practice" name="getElementByID" time="25.071"/>
  <system-out/>
</testsuite> <!-- automation.testsuite.Day8_Practice -->
