<?xml version="1.0" encoding="UTF-8"?>
<!-- Generated by org.testng.reporters.JUnitReportReporter -->
<testsuite hostname="DESKTOP-BPUJLE2" failures="0" tests="1" name="automation.testsuite.UpdatePwTest_Day15" time="14.075" errors="0" timestamp="2024-09-18T13:26:02 ICT" skipped="0">
  <testcase classname="automation.testsuite.UpdatePwTest_Day15" name="updatePasswordSuccessfully" time="14.075"/>
  <system-out/>
</testsuite> <!-- automation.testsuite.UpdatePwTest_Day15 -->
