<?xml version="1.0" encoding="UTF-8"?>
<!-- Generated by org.testng.reporters.JUnitReportReporter -->
<testsuite hostname="DESKTOP-BPUJLE2" failures="0" tests="1" name="automation.testsuite.HandleDatePicker" time="14.798" errors="0" timestamp="2024-08-28T21:51:12 ICT" skipped="0">
  <testcase classname="automation.testsuite.HandleDatePicker" name="inputBirthDay" time="14.798"/>
  <system-out/>
</testsuite> <!-- automation.testsuite.HandleDatePicker -->
